<?xml version="1.0" encoding="UTF-8"?>
<!-- Generated by org.testng.reporters.JUnitReportReporter -->
<testsuite hostname="LAPTOP-70IBGII1" failures="0" tests="1" name="test_class.patch_tc1" time="1.365" errors="0" timestamp="2023-04-05T09:29:07 IST" skipped="0">
  <testcase classname="test_class.patch_tc1" name="orchestrator" time="1.365"/>
  <system-out/>
</testsuite> <!-- test_class.patch_tc1 -->
